# JRE version: OpenJDK Runtime Environment Temurin-21.0.12.1+1 (21.0.12.1+1) (build 21.0.12.1+1-LTS)
# Java VM: OpenJDK 64-Bit Server VM Temurin-21.0.12.1+1 (21.0.12.1+1-LTS, mixed mode, sharing, tiered, compressed oops, compressed class ptrs, parallel gc, windows-amd64)
GC Precious Log:
 CardTable entry size: 512
 CPUs: 8 total, 8 available
 Memory: 5965M
 Large Page Support: Disabled
 NUMA Support: Disabled
 Compressed Oops: Enabled (32-bit)
 Alignments: Space 512K, Generation 512K, Heap 2M
 Heap Min Capacity: 100M
 Heap Initial Capacity: 100M
 Heap Max Capacity: 2G
 Pre-touch: Disabled
 Parallel Workers: 8
Heap:
 PSYoungGen      total 3584K, used 2854K [0x00000000d5580000, 0x00000000d5a80000, 0x0000000100000000)
  eden space 3072K, 83% used [0x00000000d5580000,0x00000000d5804988,0x00000000d5880000)
  from space 512K, 54% used [0x00000000d5a00000,0x00000000d5a45200,0x00000000d5a80000)
  to   space 512K, 0% used [0x00000000d5980000,0x00000000d5980000,0x00000000d5a00000)
 ParOldGen       total 1213440K, used 1213220K [0x0000000080000000, 0x00000000ca100000, 0x00000000d5580000)
  object space 1213440K, 99% used [0x0000000080000000,0x00000000ca0c9020,0x00000000ca100000)
 Metaspace       used 114843K, committed 117056K, reserved 1179648K
  class space    used 12323K, committed 13376K, reserved 1048576K
GC Heap History (20 events):
Event: 7302.440 GC heap before
{Heap before GC invocations=2842 (full 6):
 PSYoungGen      total 5632K, used 4894K [0x00000000d5580000, 0x00000000d5d80000, 0x0000000100000000)
  eden space 3072K, 100% used [0x00000000d5580000,0x00000000d5880000,0x00000000d5880000)
  from space 2560K, 71% used [0x00000000d5b00000,0x00000000d5cc7960,0x00000000d5d80000)
  to   space 2560K, 0% used [0x00000000d5880000,0x00000000d5880000,0x00000000d5b00000)
 ParOldGen       total 1210880K, used 1210450K [0x0000000080000000, 0x00000000c9e80000, 0x00000000d5580000)
  object space 1210880K, 99% used [0x0000000080000000,0x00000000c9e148e0,0x00000000c9e80000)
 Metaspace       used 114806K, committed 117056K, reserved 1179648K
  class space    used 12323K, committed 13376K, reserved 1048576K
}
Event: 7302.443 GC heap after
{Heap after GC invocations=2842 (full 6):
 PSYoungGen      total 3584K, used 256K [0x00000000d5580000, 0x00000000d5b80000, 0x0000000100000000)
  eden space 3072K, 0% used [0x00000000d5580000,0x00000000d5580000,0x00000000d5880000)
  from space 512K, 50% used [0x00000000d5880000,0x00000000d58c0000,0x00000000d5900000)
  to   space 1024K, 0% used [0x00000000d5a80000,0x00000000d5a80000,0x00000000d5b80000)
 ParOldGen       total 1210880K, used 1210506K [0x0000000080000000, 0x00000000c9e80000, 0x00000000d5580000)
  object space 1210880K, 99% used [0x0000000080000000,0x00000000c9e228e0,0x00000000c9e80000)
 Metaspace       used 114806K, committed 117056K, reserved 1179648K
  class space    used 12323K, committed 13376K, reserved 1048576K
}
Event: 7302.484 GC heap before
{Heap before GC invocations=2843 (full 6):
 PSYoungGen      total 3584K, used 3328K [0x00000000d5580000, 0x00000000d5b80000, 0x0000000100000000)
  eden space 3072K, 100% used [0x00000000d5580000,0x00000000d5880000,0x00000000d5880000)
  from space 512K, 50% used [0x00000000d5880000,0x00000000d58c0000,0x00000000d5900000)
  to   space 1024K, 0% used [0x00000000d5a80000,0x00000000d5a80000,0x00000000d5b80000)
 ParOldGen       total 1210880K, used 1210506K [0x0000000080000000, 0x00000000c9e80000, 0x00000000d5580000)
  object space 1210880K, 99% used [0x0000000080000000,0x00000000c9e228e0,0x00000000c9e80000)
 Metaspace       used 114806K, committed 117056K, reserved 1179648K
  class space    used 12323K, committed 13376K, reserved 1048576K
}
Event: 7302.488 GC heap after
{Heap after GC invocations=2843 (full 6):
 PSYoungGen      total 4096K, used 836K [0x00000000d5580000, 0x00000000d5b80000, 0x0000000100000000)
  eden space 3072K, 0% used [0x00000000d5580000,0x00000000d5580000,0x00000000d5880000)
  from space 1024K, 81% used [0x00000000d5a80000,0x00000000d5b51210,0x00000000d5b80000)
  to   space 1024K, 0% used [0x00000000d5980000,0x00000000d5980000,0x00000000d5a80000)
 ParOldGen       total 1210880K, used 1210578K [0x0000000080000000, 0x00000000c9e80000, 0x00000000d5580000)
  object space 1210880K, 99% used [0x0000000080000000,0x00000000c9e348e0,0x00000000c9e80000)
 Metaspace       used 114806K, committed 117056K, reserved 1179648K
  class space    used 12323K, committed 13376K, reserved 1048576K
}
Event: 7302.573 GC heap before
{Heap before GC invocations=2844 (full 6):
 PSYoungGen      total 4096K, used 3908K [0x00000000d5580000, 0x00000000d5b80000, 0x0000000100000000)
  eden space 3072K, 100% used [0x00000000d5580000,0x00000000d5880000,0x00000000d5880000)
  from space 1024K, 81% used [0x00000000d5a80000,0x00000000d5b51210,0x00000000d5b80000)
  to   space 1024K, 0% used [0x00000000d5980000,0x00000000d5980000,0x00000000d5a80000)
 ParOldGen       total 1210880K, used 1210578K [0x0000000080000000, 0x00000000c9e80000, 0x00000000d5580000)
  object space 1210880K, 99% used [0x0000000080000000,0x00000000c9e348e0,0x00000000c9e80000)
 Metaspace       used 114806K, committed 117056K, reserved 1179648K
  class space    used 12323K, committed 13376K, reserved 1048576K
}
Event: 7302.578 GC heap after
{Heap after GC invocations=2844 (full 6):
 PSYoungGen      total 4096K, used 810K [0x00000000d5580000, 0x00000000d5b00000, 0x0000000100000000)
  eden space 3072K, 0% used [0x00000000d5580000,0x00000000d5580000,0x00000000d5880000)
  from space 1024K, 79% used [0x00000000d5980000,0x00000000d5a4a910,0x00000000d5a80000)
  to   space 512K, 0% used [0x00000000d5a80000,0x00000000d5a80000,0x00000000d5b00000)
 ParOldGen       total 1211392K, used 1211262K [0x0000000080000000, 0x00000000c9f00000, 0x00000000d5580000)
  object space 1211392K, 99% used [0x0000000080000000,0x00000000c9edfb70,0x00000000c9f00000)
 Metaspace       used 114806K, committed 117056K, reserved 1179648K
  class space    used 12323K, committed 13376K, reserved 1048576K
}
Event: 7302.872 GC heap before
{Heap before GC invocations=2845 (full 6):
 PSYoungGen      total 4096K, used 3882K [0x00000000d5580000, 0x00000000d5b00000, 0x0000000100000000)
  eden space 3072K, 100% used [0x00000000d5580000,0x00000000d5880000,0x00000000d5880000)
  from space 1024K, 79% used [0x00000000d5980000,0x00000000d5a4a910,0x00000000d5a80000)
  to   space 512K, 0% used [0x00000000d5a80000,0x00000000d5a80000,0x00000000d5b00000)
 ParOldGen       total 1211392K, used 1211262K [0x0000000080000000, 0x00000000c9f00000, 0x00000000d5580000)
  object space 1211392K, 99% used [0x0000000080000000,0x00000000c9edfb70,0x00000000c9f00000)
 Metaspace       used 114806K, committed 117056K, reserved 1179648K
  class space    used 12323K, committed 13376K, reserved 1048576K
}
Event: 7302.877 GC heap after
{Heap after GC invocations=2845 (full 6):
 PSYoungGen      total 3584K, used 512K [0x00000000d5580000, 0x00000000d5b80000, 0x0000000100000000)
  eden space 3072K, 0% used [0x00000000d5580000,0x00000000d5580000,0x00000000d5880000)
  from space 512K, 100% used [0x00000000d5a80000,0x00000000d5b00000,0x00000000d5b00000)
  to   space 1536K, 0% used [0x00000000d5880000,0x00000000d5880000,0x00000000d5a00000)
 ParOldGen       total 1212416K, used 1211947K [0x0000000080000000, 0x00000000ca000000, 0x00000000d5580000)
  object space 1212416K, 99% used [0x0000000080000000,0x00000000c9f8ad80,0x00000000ca000000)
 Metaspace       used 114806K, committed 117056K, reserved 1179648K
  class space    used 12323K, committed 13376K, reserved 1048576K
}
Event: 7302.953 GC heap before
{Heap before GC invocations=2846 (full 6):
 PSYoungGen      total 3584K, used 3584K [0x00000000d5580000, 0x00000000d5b80000, 0x0000000100000000)
  eden space 3072K, 100% used [0x00000000d5580000,0x00000000d5880000,0x00000000d5880000)
  from space 512K, 100% used [0x00000000d5a80000,0x00000000d5b00000,0x00000000d5b00000)
  to   space 1536K, 0% used [0x00000000d5880000,0x00000000d5880000,0x00000000d5a00000)
 ParOldGen       total 1212416K, used 1211947K [0x0000000080000000, 0x00000000ca000000, 0x00000000d5580000)
  object space 1212416K, 99% used [0x0000000080000000,0x00000000c9f8ad80,0x00000000ca000000)
 Metaspace       used 114810K, committed 117056K, reserved 1179648K
  class space    used 12323K, committed 13376K, reserved 1048576K
}
Event: 7302.958 GC heap after
{Heap after GC invocations=2846 (full 6):
 PSYoungGen      total 4608K, used 608K [0x00000000d5580000, 0x00000000d5b00000, 0x0000000100000000)
  eden space 3072K, 0% used [0x00000000d5580000,0x00000000d5580000,0x00000000d5880000)
  from space 1536K, 39% used [0x00000000d5880000,0x00000000d5918000,0x00000000d5a00000)
  to   space 1024K, 0% used [0x00000000d5a00000,0x00000000d5a00000,0x00000000d5b00000)
 ParOldGen       total 1212928K, used 1212431K [0x0000000080000000, 0x00000000ca080000, 0x00000000d5580000)
  object space 1212928K, 99% used [0x0000000080000000,0x00000000ca003e10,0x00000000ca080000)
 Metaspace       used 114810K, committed 117056K, reserved 1179648K
  class space    used 12323K, committed 13376K, reserved 1048576K
}
Event: 7303.018 GC heap before
{Heap before GC invocations=2847 (full 6):
 PSYoungGen      total 4608K, used 3680K [0x00000000d5580000, 0x00000000d5b00000, 0x0000000100000000)
  eden space 3072K, 100% used [0x00000000d5580000,0x00000000d5880000,0x00000000d5880000)
  from space 1536K, 39% used [0x00000000d5880000,0x00000000d5918000,0x00000000d5a00000)
  to   space 1024K, 0% used [0x00000000d5a00000,0x00000000d5a00000,0x00000000d5b00000)
 ParOldGen       total 1212928K, used 1212431K [0x0000000080000000, 0x00000000ca080000, 0x00000000d5580000)
  object space 1212928K, 99% used [0x0000000080000000,0x00000000ca003e10,0x00000000ca080000)
 Metaspace       used 114810K, committed 117056K, reserved 1179648K
  class space    used 12323K, committed 13376K, reserved 1048576K
}
Event: 7303.021 GC heap after
{Heap after GC invocations=2847 (full 6):
 PSYoungGen      total 4096K, used 624K [0x00000000d5580000, 0x00000000d5b00000, 0x0000000100000000)
  eden space 3072K, 0% used [0x00000000d5580000,0x00000000d5580000,0x00000000d5880000)
  from space 1024K, 60% used [0x00000000d5a00000,0x00000000d5a9c010,0x00000000d5b00000)
  to   space 1024K, 0% used [0x00000000d5900000,0x00000000d5900000,0x00000000d5a00000)
 ParOldGen       total 1212928K, used 1212487K [0x0000000080000000, 0x00000000ca080000, 0x00000000d5580000)
  object space 1212928K, 99% used [0x0000000080000000,0x00000000ca011e10,0x00000000ca080000)
 Metaspace       used 114810K, committed 117056K, reserved 1179648K
  class space    used 12323K, committed 13376K, reserved 1048576K
}
Event: 7306.693 GC heap before
{Heap before GC invocations=2848 (full 6):
 PSYoungGen      total 4096K, used 3691K [0x00000000d5580000, 0x00000000d5b00000, 0x0000000100000000)
  eden space 3072K, 99% used [0x00000000d5580000,0x00000000d587ed10,0x00000000d5880000)
  from space 1024K, 60% used [0x00000000d5a00000,0x00000000d5a9c010,0x00000000d5b00000)
  to   space 1024K, 0% used [0x00000000d5900000,0x00000000d5900000,0x00000000d5a00000)
 ParOldGen       total 1212928K, used 1212487K [0x0000000080000000, 0x00000000ca080000, 0x00000000d5580000)
  object space 1212928K, 99% used [0x0000000080000000,0x00000000ca011e10,0x00000000ca080000)
 Metaspace       used 114815K, committed 117056K, reserved 1179648K
  class space    used 12323K, committed 13376K, reserved 1048576K
}
Event: 7306.700 GC heap after
{Heap after GC invocations=2848 (full 6):
 PSYoungGen      total 4096K, used 256K [0x00000000d5580000, 0x00000000d5a80000, 0x0000000100000000)
  eden space 3072K, 0% used [0x00000000d5580000,0x00000000d5580000,0x00000000d5880000)
  from space 1024K, 25% used [0x00000000d5900000,0x00000000d5940000,0x00000000d5a00000)
  to   space 512K, 0% used [0x00000000d5a00000,0x00000000d5a00000,0x00000000d5a80000)
 ParOldGen       total 1212928K, used 1212495K [0x0000000080000000, 0x00000000ca080000, 0x00000000d5580000)
  object space 1212928K, 99% used [0x0000000080000000,0x00000000ca013e10,0x00000000ca080000)
 Metaspace       used 114815K, committed 117056K, reserved 1179648K
  class space    used 12323K, committed 13376K, reserved 1048576K
}
Event: 7306.729 GC heap before
{Heap before GC invocations=2849 (full 6):
 PSYoungGen      total 4096K, used 3328K [0x00000000d5580000, 0x00000000d5a80000, 0x0000000100000000)
  eden space 3072K, 100% used [0x00000000d5580000,0x00000000d5880000,0x00000000d5880000)
  from space 1024K, 25% used [0x00000000d5900000,0x00000000d5940000,0x00000000d5a00000)
  to   space 512K, 0% used [0x00000000d5a00000,0x00000000d5a00000,0x00000000d5a80000)
 ParOldGen       total 1212928K, used 1212495K [0x0000000080000000, 0x00000000ca080000, 0x00000000d5580000)
  object space 1212928K, 99% used [0x0000000080000000,0x00000000ca013e10,0x00000000ca080000)
 Metaspace       used 114815K, committed 117056K, reserved 1179648K
  class space    used 12323K, committed 13376K, reserved 1048576K
}
Event: 7306.735 GC heap after
{Heap after GC invocations=2849 (full 6):
 PSYoungGen      total 3584K, used 490K [0x00000000d5580000, 0x00000000d5a80000, 0x0000000100000000)
  eden space 3072K, 0% used [0x00000000d5580000,0x00000000d5580000,0x00000000d5880000)
  from space 512K, 95% used [0x00000000d5a00000,0x00000000d5a7a910,0x00000000d5a80000)
  to   space 1024K, 0% used [0x00000000d5880000,0x00000000d5880000,0x00000000d5980000)
 ParOldGen       total 1212928K, used 1212575K [0x0000000080000000, 0x00000000ca080000, 0x00000000d5580000)
  object space 1212928K, 99% used [0x0000000080000000,0x00000000ca027e10,0x00000000ca080000)
 Metaspace       used 114815K, committed 117056K, reserved 1179648K
  class space    used 12323K, committed 13376K, reserved 1048576K
}
Event: 7306.843 GC heap before
{Heap before GC invocations=2850 (full 6):
 PSYoungGen      total 3584K, used 3562K [0x00000000d5580000, 0x00000000d5a80000, 0x0000000100000000)
  eden space 3072K, 100% used [0x00000000d5580000,0x00000000d5880000,0x00000000d5880000)
  from space 512K, 95% used [0x00000000d5a00000,0x00000000d5a7a910,0x00000000d5a80000)
  to   space 1024K, 0% used [0x00000000d5880000,0x00000000d5880000,0x00000000d5980000)
 ParOldGen       total 1212928K, used 1212575K [0x0000000080000000, 0x00000000ca080000, 0x00000000d5580000)
  object space 1212928K, 99% used [0x0000000080000000,0x00000000ca027e10,0x00000000ca080000)
 Metaspace       used 114817K, committed 117056K, reserved 1179648K
  class space    used 12323K, committed 13376K, reserved 1048576K
}
Event: 7306.847 GC heap after
{Heap after GC invocations=2850 (full 6):
 PSYoungGen      total 4096K, used 416K [0x00000000d5580000, 0x00000000d5a80000, 0x0000000100000000)
  eden space 3072K, 0% used [0x00000000d5580000,0x00000000d5580000,0x00000000d5880000)
  from space 1024K, 40% used [0x00000000d5880000,0x00000000d58e8000,0x00000000d5980000)
  to   space 512K, 0% used [0x00000000d5a00000,0x00000000d5a00000,0x00000000d5a80000)
 ParOldGen       total 1213440K, used 1212988K [0x0000000080000000, 0x00000000ca100000, 0x00000000d5580000)
  object space 1213440K, 99% used [0x0000000080000000,0x00000000ca08f020,0x00000000ca100000)
 Metaspace       used 114817K, committed 117056K, reserved 1179648K
  class space    used 12323K, committed 13376K, reserved 1048576K
}
Event: 7307.121 GC heap before
{Heap before GC invocations=2851 (full 6):
 PSYoungGen      total 4096K, used 3488K [0x00000000d5580000, 0x00000000d5a80000, 0x0000000100000000)
  eden space 3072K, 100% used [0x00000000d5580000,0x00000000d5880000,0x00000000d5880000)
  from space 1024K, 40% used [0x00000000d5880000,0x00000000d58e8000,0x00000000d5980000)
  to   space 512K, 0% used [0x00000000d5a00000,0x00000000d5a00000,0x00000000d5a80000)
 ParOldGen       total 1213440K, used 1212988K [0x0000000080000000, 0x00000000ca100000, 0x00000000d5580000)
  object space 1213440K, 99% used [0x0000000080000000,0x00000000ca08f020,0x00000000ca100000)
 Metaspace       used 114840K, committed 117056K, reserved 1179648K
  class space    used 12323K, committed 13376K, reserved 1048576K
}
Event: 7307.124 GC heap after
{Heap after GC invocations=2851 (full 6):
 PSYoungGen      total 3584K, used 276K [0x00000000d5580000, 0x00000000d5a80000, 0x0000000100000000)
  eden space 3072K, 0% used [0x00000000d5580000,0x00000000d5580000,0x00000000d5880000)
  from space 512K, 54% used [0x00000000d5a00000,0x00000000d5a45200,0x00000000d5a80000)
  to   space 512K, 0% used [0x00000000d5980000,0x00000000d5980000,0x00000000d5a00000)
 ParOldGen       total 1213440K, used 1213220K [0x0000000080000000, 0x00000000ca100000, 0x00000000d5580000)
  object space 1213440K, 99% used [0x0000000080000000,0x00000000ca0c9020,0x00000000ca100000)
 Metaspace       used 114840K, committed 117056K, reserved 1179648K
  class space    used 12323K, committed 13376K, reserved 1048576K
}

